Thread[Thread-1,5,main]0 ... 2127 ... 2159 ... 2013

1 ... 2348 ... 2311 ... 2321

2 ... 2347 ... 2418 ... 2418

3 ... 2424 ... 2443 ... 2405

4 ... 2355 ... 2382 ... 2367

5 ... 2363 ... 2406 ... 2371

6 ... 2411 ... 2410 ... 2392

7 ... 2397 ... 2416 ... 2384

8 ... 2388 ... 2405 ... 2413

9 ... 23Writing done: 4

0 ... 2120 ... 2132 ... 1996

1 ... 2367 ... 2418 ... 2365

2 ... 2394 ... 2402 ... 2438

3 ... 2333 ... 2369 ... 2357

4 ... 2393 ... 2357 ... 2329

5 ... 2378 ... 2363 ... 2358

6 ... 2377 ... 2423 ... 2398

7 ... 2389 ... 2327 ... 2352

8 ... 2383 ... 2333 ... 2393

9 ... 23Writing done: 5

0 ... 2133 ... 2118 ... 2015

1 ... 2355 ... 2376 ... 2317

2 ... 2393 ... 2397 ... 2371

3 ... 2414 ... 2411 ... 2411

4 ... 2359 ... 2361 ... 2389

5 ... 2363 ... 2355 ... 2394

6 ... 2375 ... 2393 ... 2387

7 ... 2361 ... 2391 ... 2403

8 ... 2338 ... 2394 ... 2360

9 ... 23Writing done: 6

0 ... 2174 ... 2182 ... 2008

1 ... 2390 ... 2386 ... 2342

2 ... 2347 ... 2376 ... 2320

3 ... 2371 ... 2369 ... 2384

4 ... 2337 ... 2373 ... 2362

5 ... 2362 ... 2398 ... 2371

6 ... 2397 ... 2373 ... 2333

7 ... 2407 ... 2391 ... 2401

8 ... 2362 ... 2371 ... 2382

9 ... 23Writing done: 7

0 ... 2572 ... 2215 ... 2039

1 ... 2577 ... 2343 ... 2295

2 ... 2590 ... 2404 ... 2418

3 ... 2590 ... 2404 ... 2443

4 ... 2598 ... 2418 ... 2446

5 ... 2588 ... 2393 ... 2438

6 ... 2590 ... 2392 ... 2433

7 ... 2593 ... 2394 ... 2439

8 ... 2590 ... 2402 ... 2410

9 ... 25Writing done: 8

0 ... 2096 ... 2096 ... 1951

1 ... 2378 ... 2349 ... 2328

2 ... 2379 ... 2372 ... 2389

3 ... 2399 ... 2383 ... 2416

4 ... 2319 ... 2355 ... 2350

5 ... 2316 ... 2354 ... 2365

6 ... 2355 ... 2363 ... 2383

7 ... 2366 ... 2381 ... 2330

8 ... 2352 ... 2346 ... 2345

9 ... 23Writing done: 9

0 ... 2135 ... 2121 ... 2002

1 ... 2347 ... 2359 ... 2332

2 ... 2344 ... 2365 ... 2395

3 ... 2341 ... 2392 ... 2363

4 ... 2411 ... 2380 ... 2335

5 ... 2396 ... 2382 ... 2355

6 ... 2376 ... 2399 ... 2398

7 ... 2375 ... 2375 ... 2396

8 ... 2382 ... 2407 ... 2359

9 ... 25Writing done: 10

0 ... 2563 ... 2269 ... 2058

1 ... 2582 ... 2374 ... 2366

2 ... 2582 ... 2403 ... 2408

3 ... 2591 ... 2413 ... 2462

4 ... 2591 ... 2401 ... 2461

5 ... 2587 ... 2389 ... 2426

6 ... 2592 ... 2392 ... 2428

7 ... 2520 ... 2415 ... 2383

8 ... 2558 ... 2493 ... 2419

9 ... 25Writing done: 11

0 ... 2131 ... 2087 ... 2003

1 ... 2355 ... 2332 ... 2338

2 ... 2348 ... 2384 ... 2393

3 ... 2395 ... 2410 ... 2429

4 ... 2442 ... 2393 ... 2415

5 ... 2391 ... 2385 ... 2391

6 ... 2372 ... 2321 ... 2367

7 ... 2395 ... 2427 ... 2417

8 ... 2345 ... 2403 ... 2354

9 ... 23Writing done: 12

0 ... 2103 ... 2149 ... 1990

1 ... 2387 ... 2391 ... 2331

2 ... 2404 ... 2370 ... 2386

3 ... 2389 ... 2390 ... 2403

4 ... 2372 ... 2393 ... 2386

5 ... 2363 ... 2395 ... 2362

6 ... 2361 ... 2340 ... 2329

7 ... 2381 ... 2364 ... 2315

8 ... 2354 ... 2366 ... 2369

9 ... 23Writing done: 13

0 ... 2076 ... 2113 ... 2024

1 ... 2336 ... 2333 ... 2320

2 ... 2414 ... 2445 ... 2391

3 ... 2328 ... 2360 ... 2386

4 ... 2412 ... 2407 ... 2394

5 ... 2390 ... 2395 ... 2369

6 ... 2349 ... 2410 ... 2345

7 ... 2381 ... 2362 ... 2335

8 ... 2366 ... 2365 ... 2365

9 ... 23Writing done: 14

0 ... 2132 ... 2102 ... 2011

1 ... 2357 ... 2362 ... 2331

2 ... 2409 ... 2443 ... 2379

3 ... 2364 ... 2363 ... 2369

4 ... 2349 ... 2353 ... 2366

5 ... 2377 ... 2365 ... 2369

6 ... 2370 ... 2410 ... 2365

7 ... 2361 ... 2402 ... 2327

8 ... 2358 ... 2359 ... 2349

9 ... 23Writing done: 15

0 ... 2140 ... 2129 ... 1985

1 ... 2391 ... 2364 ... 2344

2 ... 2385 ... 2400 ... 2357

3 ... 2396 ... 2423 ... 2383

4 ... 2345 ... 2355 ... 2349

5 ... 2397 ... 2389 ... 2375

6 ... 2335 ... 2365 ... 2415

7 ... 2346 ... 2364 ... 2366

8 ... 2370 ... 2368 ... 2375

9 ... 23Writing done: 16

0 ... 2118 ... 2140 ... 1988

1 ... 2343 ... 2324 ... 2354

2 ... 2371 ... 2390 ... 2376

3 ... 2343 ... 2367 ... 2349

4 ... 2345 ... 2351 ... 2364

5 ... 2384 ... 2380 ... 2349

6 ... 2447 ... 2351 ... 2376

7 ... 2373 ... 2379 ... 2346

8 ... 2406 ... 2382 ... 2328

9 ... 23Writing done: 17

0 ... 2120 ... 2098 ... 2011

1 ... 2329 ... 2318 ... 2338

2 ... 2402 ... 2370 ... 2411

3 ... 2428 ... 2401 ... 2384

4 ... 2404 ... 2421 ... 2378

5 ... 2351 ... 2351 ... 2364

6 ... 2389 ... 2354 ... 2363

7 ... 2381 ... 2355 ... 2369

8 ... 2389 ... 2376 ... 2393

9 ... 23Writing done: 18

0 ... 2104 ... 2116 ... 1970

1 ... 2369 ... 2398 ... 2365

2 ... 2375 ... 2369 ... 2386

3 ... 2410 ... 2414 ... 2382

4 ... 2323 ... 2373 ... 2362

5 ... 2363 ... 2348 ... 2354

6 ... 2353 ... 2355 ... 2346

7 ... 2383 ... 2380 ... 2393

8 ... 2344 ... 2345 ... 2416

9 ... 23Writing done: 19

0 ... 2138 ... 2123 ... 2018

1 ... 2369 ... 2342 ... 2291

2 ... 2395 ... 2367 ... 2351

3 ... 2356 ... 2386 ... 2345

4 ... 2416 ... 2390 ... 2405

5 ... 2387 ... 2376 ... 2369

6 ... 2375 ... 2347 ... 2354

7 ... 2375 ... 2355 ... 2344

8 ... 2362 ... 2396 ... 2365

9 ... 23Writing done: 20

0 ... 2121 ... 2102 ... 1967

1 ... 2390 ... 2393 ... 2353

2 ... 2379 ... 2379 ... 2357

3 ... 2386 ... 2376 ... 2368

4 ... 2388 ... 2413 ... 2379

5 ... 2364 ... 2306 ... 2357

6 ... 2383 ... 2383 ... 2358

7 ... 2404 ... 2370 ... 2392

8 ... 2393 ... 2364 ... 2339

9 ... 24Writing done: 21

0 ... 2561 ... 2261 ... 2037

1 ... 2583 ... 2370 ... 2384

2 ... 2589 ... 2414 ... 2438

3 ... 2582 ... 2383 ... 2413

4 ... 2589 ... 2419 ... 2449

5 ... 2579 ... 2395 ... 2395

6 ... 2581 ... 2392 ... 2380

7 ... 2576 ... 2408 ... 2389

8 ... 2574 ... 2375 ... 2366

9 ... 25Writing done: 22

0 ... 2558 ... 2240 ... 2046

1 ... 2581 ... 2408 ... 2370

2 ... 2586 ... 2387 ... 2421

3 ... 2579 ... 2383 ... 2389

4 ... 2581 ... 2413 ... 2409

5 ... 2587 ... 2381 ... 2405

6 ... 2590 ... 2389 ... 2419

7 ... 2585 ... 2377 ... 2402

8 ... 2578 ... 2398 ... 2417

9 ... 25Writing done: 23

0 ... 2557 ... 2329 ... 2064

1 ... 2580 ... 2427 ... 2358

2 ... 2582 ... 2417 ... 2445

3 ... 2580 ... 2395 ... 2394

4 ... 2581 ... 2402 ... 2441

5 ... 2584 ... 2454 ... 2453

6 ... 2583 ... 2379 ... 2400

7 ... 2579 ... 2392 ... 2378

8 ... 2591 ... 2421 ... 2476

9 ... 25Writing done: 24

0 ... 2555 ... 2221 ... 2069

1 ... 2594 ... 2388 ... 2373

2 ... 2577 ... 2445 ... 2434

3 ... 2573 ... 2405 ... 2413

4 ... 2584 ... 2390 ... 2432

5 ... 2568 ... 2410 ... 2391

6 ... 2579 ... 2417 ... 2442

7 ... 2579 ... 2384 ... 2384

8 ... 2579 ... 2441 ... 2419

9 ... 25Writing done: 25

0 ... 2559 ... 2257 ... 2053

1 ... 2580 ... 2385 ... 2386

2 ... 2575 ... 2409 ... 2401

3 ... 2586 ... 2390 ... 2435

4 ... 2579 ... 2370 ... 2384

5 ... 2575 ... 2390 ... 2378

6 ... 2579 ... 2413 ... 2398

7 ... 2583 ... 2402 ... 2428

8 ... 2584 ... 2376 ... 2397

9 ... 25Writing done: 26

0 ... 2559 ... 2280 ... 2055

1 ... 2571 ... 2373 ... 2335

2 ... 2579 ... 2435 ... 2428

3 ... 2581 ... 2411 ... 2409

4 ... 2585 ... 2406 ... 2441

5 ... 2579 ... 2393 ... 2377

6 ... 2579 ... 2410 ... 2419

7 ... 2574 ... 2423 ... 2404

8 ... 2585 ... 2387 ... 2419

9 ... 25Writing done: 27

0 ... 2558 ... 2256 ... 2050

1 ... 2574 ... 2387 ... 2344

2 ... 2588 ... 2397 ... 2447

3 ... 2589 ... 2392 ... 2440

4 ... 2584 ... 2432 ... 2451

5 ... 2583 ... 2385 ... 2417

6 ... 2576 ... 2427 ... 2414

7 ... 2581 ... 2372 ... 2380

8 ... 2574 ... 2382 ... 2387

9 ... 25Writing done: 28

0 ... 2560 ... 2264 ... 2049

1 ... 2580 ... 2414 ... 2399

2 ... 2585 ... 2378 ... 2401

3 ... 2575 ... 2412 ... 2433

4 ... 2582 ... 2398 ... 2425

5 ... 2584 ... 2403 ... 2429

6 ... 2572 ... 2405 ... 2383

7 ... 2587 ... 2375 ... 2383

8 ... 2577 ... 2387 ... 2393

9 ... 25Writing done: 29

0 ... 2559 ... 2263 ... 2057

1 ... 2582 ... 2405 ... 2393

2 ... 2586 ... 2417 ... 2443

3 ... 2587 ... 2415 ... 2444

4 ... 2571 ... 2379 ... 2381

5 ... 2578 ... 2388 ... 2373

6 ... 2585 ... 2394 ... 2408

7 ... 2584 ... 2386 ... 2419

8 ... 2579 ... 2414 ... 2431

9 ... 25Writing done: 30

0 ... 2555 ... 2255 ... 2048

1 ... 2578 ... 2398 ... 2372

2 ... 2585 ... 2385 ... 2419

3 ... 2570 ... 2396 ... 2388

4 ... 2581 ... 2372 ... 2391

5 ... 2593 ... 2392 ... 2429

6 ... 2535 ... 2394 ... 2387

7 ... 2506 ... 2423 ... 2391

8 ... 2564 ... 2416 ... 2413

9 ... 25Writing done: 31

0 ... 2557 ... 2296 ... 2061

1 ... 2573 ... 2372 ... 2331

2 ... 2583 ... 2384 ... 2417

3 ... 2582 ... 2403 ... 2415

4 ... 2569 ... 2385 ... 2393

5 ... 2479 ... 2437 ... 2357

6 ... 2395 ... 2422 ... 2370

7 ... 2370 ... 2373 ... 2407

8 ... 2392 ... 2359 ... 2382

9 ... 23Writing done: 32

0 ... 2554 ... 2293 ... 2067

1 ... 2581 ... 2391 ... 2370

2 ... 2577 ... 2369 ... 2383

3 ... 2579 ... 2384 ... 2363

4 ... 2579 ... 2389 ... 2397

5 ... 2579 ... 2389 ... 2397

6 ... 2587 ... 2394 ... 2430

7 ... 2579 ... 2388 ... 2397

8 ... 2576 ... 2378 ... 2369

9 ... 25Writing done: 33

0 ... 2517 ... 2244 ... 2039

1 ... 2581 ... 2377 ... 2351

2 ... 2589 ... 2392 ... 2432

3 ... 2588 ... 2391 ... 2439

4 ... 2573 ... 2409 ... 2373

5 ... 2589 ... 2388 ... 2420

6 ... 2573 ... 2406 ... 2394

7 ... 2577 ... 2405 ... 2385

8 ... 2573 ... 2411 ... 2401

9 ... 25Writing done: 34

0 ... 2559 ... 2235 ... 2049

1 ... 2583 ... 2409 ... 2410

2 ... 2590 ... 2401 ... 2455

3 ... 2577 ... 2415 ... 2415

4 ... 2574 ... 2384 ... 2387

5 ... 2579 ... 2384 ... 2380

6 ... 2578 ... 2408 ... 2388

7 ... 2572 ... 2381 ... 2383

8 ... 2578 ... 2407 ... 2409

9 ... 25Writing done: 35

0 ... 2559 ... 2263 ... 2058

1 ... 2569 ... 2408 ... 2344

2 ... 2567 ... 2370 ... 2361

3 ... 2584 ... 2401 ... 2432

4 ... 2581 ... 2390 ... 2401

5 ... 2579 ... 2379 ... 2376

6 ... 2579 ... 2407 ... 2390

7 ... 2587 ... 2390 ... 2427

8 ... 2580 ... 2387 ... 2391

9 ... 25Writing done: 36

0 ... 2556 ... 2291 ... 2059

1 ... 2579 ... 2361 ... 2334

2 ... 2583 ... 2396 ... 2415

3 ... 2577 ... 2422 ... 2403

4 ... 2582 ... 2395 ... 2414

5 ... 2584 ... 2383 ... 2408

6 ... 2591 ... 2391 ... 2425

7 ... 2586 ... 2403 ... 2426

8 ... 2588 ... 2387 ... 2418

9 ... 25Writing done: 37

0 ... 2561 ... 2261 ... 2040

1 ... 2574 ... 2388 ... 2365

2 ... 2583 ... 2375 ... 2394

3 ... 2586 ... 2390 ... 2433

4 ... 2577 ... 2390 ... 2381

5 ... 2583 ... 2403 ... 2406

6 ... 2585 ... 2384 ... 2413

7 ... 2580 ... 2414 ... 2432

8 ... 2581 ... 2397 ... 2415

9 ... 25Writing done: 38

0 ... 2561 ... 2235 ... 2041

1 ... 2582 ... 2383 ... 2349

2 ... 2584 ... 2386 ... 2418

3 ... 2586 ... 2425 ... 2457

4 ... 2587 ... 2384 ... 2414

5 ... 2573 ... 2364 ... 2364

6 ... 2578 ... 2397 ... 2385

7 ... 2589 ... 2389 ... 2421

8 ... 2576 ... 2384 ... 2385

9 ... 25Writing done: 39

0 ... 2554 ... 2351 ... 2301

1 ... 2577 ... 2378 ... 2368

2 ... 2587 ... 2386 ... 2413

3 ... 2592 ... 2382 ... 2400

4 ... 2583 ... 2376 ... 2391

5 ... 2574 ... 2425 ... 2373

6 ... 2585 ... 2377 ... 2395

7 ... 2578 ... 2411 ... 2389

8 ... 2585 ... 2377 ... 2396

9 ... 25Writing done: 0

0 ... 2561 ... 2222 ... 2029

1 ... 2574 ... 2375 ... 2342

2 ... 2591 ... 2380 ... 2399

3 ... 2587 ... 2392 ... 2434

4 ... 2579 ... 2385 ... 2388

5 ... 2580 ... 2392 ... 2401

6 ... 2579 ... 2369 ... 2367

7 ... 2581 ... 2387 ... 2392

8 ... 2575 ... 2374 ... 2358

9 ... 25Writing done: 1

0 ... 2560 ... 2249 ... 2047

1 ... 2573 ... 2391 ... 2333

2 ... 2585 ... 2404 ... 2433

3 ... 2577 ... 2418 ... 2415

4 ... 2587 ... 2385 ... 2416

5 ... 2575 ... 2379 ... 2380

6 ... 2574 ... 2383 ... 2378

7 ... 2578 ... 2428 ... 2409

8 ... 2585 ... 2380 ... 2400

9 ... 25Writing done: 2

0 ... 2562 ... 2228 ... 2033

1 ... 2582 ... 2408 ... 2405

2 ... 2579 ... 2393 ... 2409

3 ... 2586 ... 2378 ... 2405

4 ... 2579 ... 2396 ... 2388

5 ... 2573 ... 2369 ... 2345

6 ... 2586 ... 2397 ... 2405

7 ... 2573 ... 2399 ... 2388

8 ... 2582 ... 2373 ... 2385

9 ... 25Writing done: 3

0 ... 2559 ... 2255 ... 2043

1 ... 2579 ... 2392 ... 2357

2 ... 2578 ... 2393 ... 2385

3 ... 2583 ... 2387 ... 2420

4 ... 2583 ... 2397 ... 2398

5 ... 2579 ... 2374 ... 2390

6 ... 2578 ... 2407 ... 2408

7 ... 2578 ... 2381 ... 2375

8 ... 2575 ... 2378 ... 2369

9 ... 25Writing done: 4

0 ... 2554 ... 2271 ... 2055

1 ... 2583 ... 2385 ... 2367

2 ... 2579 ... 2407 ... 2389

3 ... 2589 ... 2391 ... 2429

4 ... 2585 ... 2386 ... 2419

5 ... 2578 ... 2403 ... 2373

6 ... 2578 ... 2358 ... 2343

7 ... 2582 ... 2397 ... 2387

8 ... 2578 ... 2378 ... 2364

9 ... 25Writing done: 5

0 ... 2561 ... 2251 ... 2051

1 ... 2584 ... 2362 ... 2365

2 ... 2588 ... 2389 ... 2428

3 ... 2589 ... 2394 ... 2439

4 ... 2577 ... 2392 ... 2382

5 ... 2575 ... 2408 ... 2388

6 ... 2583 ... 2367 ... 2373

7 ... 2579 ... 2395 ... 2408

8 ... 2577 ... 2380 ... 2372

9 ... 25Writing done: 6

0 ... 2567 ... 2221 ... 2033

1 ... 2585 ... 2395 ... 2401

2 ... 2584 ... 2374 ... 2387

3 ... 2580 ... 2394 ... 2412

4 ... 2586 ... 2379 ... 2401

5 ... 2581 ... 2372 ... 2380

6 ... 2586 ... 2401 ... 2417

7 ... 2576 ... 2405 ... 2405

8 ... 2576 ... 2361 ... 2359

9 ... 25Writing done: 7

0 ... 2557 ... 2239 ... 2042

1 ... 2576 ... 2372 ... 2337

2 ... 2588 ... 2385 ... 2417

3 ... 2581 ... 2401 ... 2403

4 ... 2580 ... 2397 ... 2421

5 ... 2580 ... 2399 ... 2421

6 ... 2577 ... 2402 ... 2373

7 ... 2586 ... 2385 ... 2413

8 ... 2579 ... 2409 ... 2388

9 ... 25Writing done: 8

0 ... 2561 ... 2253 ... 2037

1 ... 2581 ... 2387 ... 2365

2 ... 2577 ... 2383 ... 2386

3 ... 2585 ... 2411 ... 2427

4 ... 2589 ... 2384 ... 2413

5 ... 2583 ... 2371 ... 2378

6 ... 2578 ... 2367 ... 2370

7 ... 2583 ... 2419 ... 2407

8 ... 2573 ... 2393 ... 2351

9 ... 25Writing done: 9

0 ... 2559 ... 2248 ... 2033

1 ... 2575 ... 2392 ... 2333

2 ... 2583 ... 2401 ... 2430

3 ... 2570 ... 2422 ... 2431

4 ... 2582 ... 2404 ... 2433

5 ... 2573 ... 2410 ... 2427

6 ... 2581 ... 2385 ... 2381

7 ... 2581 ... 2392 ... 2401

8 ... 2577 ... 2369 ... 2373

9 ... 25Writing done: 10

0 ... 2558 ... 2248 ... 2038

1 ... 2575 ... 2414 ... 2368

2 ... 2575 ... 2393 ... 2413

3 ... 2580 ... 2390 ... 2404

4 ... 2585 ... 2384 ... 2411

5 ... 2578 ... 2407 ... 2388

6 ... 2577 ... 2381 ... 2348

7 ... 2578 ... 2384 ... 2378

8 ... 2574 ... 2368 ... 2346

9 ... 25Writing done: 11

0 ... 2560 ... 2249 ... 2050

1 ... 2572 ... 2378 ... 2349

2 ... 2582 ... 2411 ... 2426

3 ... 2572 ... 2429 ... 2419

4 ... 2587 ... 2407 ... 2419

5 ... 2588 ... 2396 ... 2439

6 ... 2584 ... 2378 ... 2398

7 ... 2587 ... 2374 ... 2383

8 ... 2577 ... 2407 ... 2384

9 ... 25Writing done: 12

0 ... 2561 ... 2260 ... 2040

1 ... 2579 ... 2397 ... 2356

2 ... 2576 ... 2390 ... 2404

3 ... 2591 ... 2389 ... 2424

4 ... 2573 ... 2404 ... 2384

5 ... 2576 ... 2363 ... 2360

6 ... 2578 ... 2397 ... 2385

7 ... 2579 ... 2426 ... 2431

8 ... 2579 ... 2386 ... 2388

9 ... 25Writing done: 13

0 ... 2557 ... 2275 ... 2031

1 ... 2585 ... 2411 ... 2400

2 ... 2575 ... 2380 ... 2378

3 ... 2571 ... 2402 ... 2379

4 ... 2585 ... 2387 ... 2422

5 ... 2574 ... 2391 ... 2376

6 ... 2576 ... 2368 ... 2373

7 ... 2585 ... 2395 ... 2378

8 ... 2580 ... 2390 ... 2401

9 ... 25Writing done: 14

0 ... 2556 ... 2270 ... 2041

1 ... 2583 ... 2407 ... 2407

2 ... 2575 ... 2416 ... 2410

3 ... 2584 ... 2375 ... 2396

4 ... 2583 ... 2384 ... 2415

5 ... 2584 ... 2372 ... 2377

6 ... 2574 ... 2412 ... 2367

7 ... 2575 ... 2387 ... 2369

8 ... 2579 ... 2390 ... 2389

9 ... 25Writing done: 15

0 ... 2554 ... 2316 ... 2053

1 ... 2577 ... 2374 ... 2352

2 ... 2588 ... 2383 ... 2415

3 ... 2584 ... 2412 ... 2453

4 ... 2573 ... 2376 ... 2375

5 ... 2584 ... 2379 ... 2398

6 ... 2587 ... 2384 ... 2405

7 ... 2587 ... 2381 ... 2405

8 ... 2584 ... 2376 ... 2389

9 ... 25Writing done: 16

0 ... 2685 ... 2346 ... 2112

1 ... 2675 ... 2584 ... 2400

2 ... 2675 ... 2595 ... 2401

3 ... 2675 ... 2595 ... 2397

4 ... 2674 ... 2593 ... 2397

5 ... 2674 ... 2587 ... 2382

6 ... 2675 ... 2588 ... 2384

7 ... 2674 ... 2586 ... 2378

8 ... 2673 ... 2585 ... 2375

9 ... 26Writing done: 17

0 ... 2664 ... 2358 ... 2082

1 ... 2667 ... 2565 ... 2359

2 ... 2667 ... 2576 ... 2358

3 ... 2668 ... 2580 ... 2371

4 ... 2667 ... 2575 ... 2357

5 ... 2666 ... 2571 ... 2342

6 ... 2667 ... 2572 ... 2368

7 ... 2666 ... 2569 ... 2362

8 ... 2667 ... 2569 ... 2335

9 ... 26Writing done: 18

0 ... 2214 ... 2168 ... 2006

1 ... 2633 ... 2503 ... 2383

2 ... 2666 ... 2572 ... 2423

3 ... 2665 ... 2574 ... 2411

4 ... 2663 ... 2567 ... 2410

5 ... 2661 ... 2559 ... 2418

6 ... 2663 ... 2557 ... 2435

7 ... 2664 ... 2560 ... 2439

8 ... 2664 ... 2562 ... 2443

9 ... 26Writing done: 19

0 ... 2628 ... 2293 ... 2017

1 ... 2654 ... 2530 ... 2403

2 ... 2659 ... 2561 ... 2473

3 ... 2655 ... 2549 ... 2475

4 ... 2659 ... 2560 ... 2476

5 ... 2657 ... 2559 ... 2475

6 ... 2654 ... 2537 ... 2489

7 ... 2656 ... 2553 ... 2482

8 ... 2645 ... 2524 ... 2465

9 ... 26Writing done: 20

0 ... 2604 ... 2273 ... 2069

1 ... 2616 ... 2442 ... 2345

2 ... 2617 ... 2457 ... 2358

3 ... 2619 ... 2464 ... 2374

4 ... 2600 ... 2447 ... 2359

5 ... 2624 ... 2468 ... 2378

6 ... 2624 ... 2466 ... 2347

7 ... 2631 ... 2491 ... 2407

8 ... 2625 ... 2468 ... 2349

9 ... 26Writing done: 21

0 ... 2597 ... 2253 ... 2031

1 ... 2603 ... 2417 ... 2359

2 ... 2619 ... 2455 ... 2374

3 ... 2609 ... 2449 ... 2417

4 ... 2607 ... 2429 ... 2392

5 ... 2608 ... 2435 ... 2396

6 ... 2610 ... 2440 ... 2391

7 ... 2613 ... 2446 ... 2398

8 ... 2611 ... 2444 ... 2403

9 ... 26Writing done: 22

0 ... 2382 ... 2207 ... 2040

1 ... 2493 ... 2425 ... 2356

2 ... 2507 ... 2444 ... 2430

3 ... 2495 ... 2453 ... 2369

4 ... 2513 ... 2489 ... 2434

5 ... 2493 ... 2469 ... 2432

6 ... 2480 ... 2415 ... 2349

7 ... 2487 ... 2427 ... 2407

8 ... 2451 ... 2417 ... 2361

9 ... 25Writing done: 23

0 ... 2573 ... 2205 ... 2023

1 ... 2594 ... 2382 ... 2395

2 ... 2595 ... 2407 ... 2397

3 ... 2601 ... 2421 ... 2421

4 ... 2593 ... 2404 ... 2391

5 ... 2593 ... 2397 ... 2439

6 ... 2593 ... 2401 ... 2375

7 ... 2591 ... 2398 ... 2415

8 ... 2595 ... 2397 ... 2387

9 ... 25Writing done: 24

0 ... 2570 ... 2271 ... 2038

1 ... 2590 ... 2385 ... 2356

2 ... 2592 ... 2397 ... 2423

3 ... 2594 ... 2399 ... 2417

4 ... 2597 ... 2410 ... 2423

5 ... 2594 ... 2401 ... 2452

6 ... 2588 ... 2383 ... 2405

7 ... 2589 ... 2389 ... 2421

8 ... 2591 ... 2406 ... 2406

9 ... 25Writing done: 25

0 ... 2558 ... 2253 ... 2041

1 ... 2586 ... 2389 ... 2376

2 ... 2590 ... 2391 ... 2431

3 ... 2543 ... 2395 ... 2414

4 ... 2383 ... 2367 ... 2400

5 ... 2589 ... 2379 ... 2397

6 ... 2585 ... 2384 ... 2410

7 ... 2584 ... 2394 ... 2383

8 ... 2536 ... 2396 ... 2390

9 ... 25Writing done: 26

0 ... 2251 ... 2126 ... 1968

1 ... 2577 ... 2350 ... 2329

2 ... 2588 ... 2386 ... 2422

3 ... 2583 ... 2382 ... 2409

4 ... 2578 ... 2403 ... 2353

5 ... 2580 ... 2394 ... 2404

6 ... 2587 ... 2379 ... 2397

7 ... 2581 ... 2373 ... 2382

8 ... 2587 ... 2401 ... 2419

9 ... 25Writing done: 27

0 ... 2561 ... 2256 ... 2037

1 ... 2583 ... 2388 ... 2389

2 ... 2577 ... 2390 ... 2377

3 ... 2577 ... 2389 ... 2378

4 ... 2589 ... 2385 ... 2415

5 ... 2584 ... 2430 ... 2416

6 ... 2576 ... 2362 ... 2358

7 ... 2585 ... 2375 ... 2388

8 ... 2588 ... 2378 ... 2393

9 ... 25Writing done: 28

0 ... 2561 ... 2283 ... 2044

1 ... 2582 ... 2409 ... 2410

2 ... 2579 ... 2395 ... 2393

3 ... 2586 ... 2380 ... 2400

4 ... 2587 ... 2381 ... 2410

5 ... 2575 ... 2408 ... 2364

6 ... 2578 ... 2385 ... 2384

7 ... 2576 ... 2403 ... 2377

8 ... 2579 ... 2390 ... 2395

9 ... 25Writing done: 29

0 ... 2562 ... 2251 ... 2039

1 ... 2577 ... 2411 ... 2345

2 ... 2588 ... 2383 ... 2411

3 ... 2590 ... 2391 ... 2436

4 ... 2584 ... 2388 ... 2401

5 ... 2583 ... 2391 ... 2401

6 ... 2578 ... 2389 ... 2370

7 ... 2581 ... 2390 ... 2396

8 ... 2582 ... 2401 ... 2374

9 ... 25Writing done: 30

0 ... 2563 ... 2232 ... 2039

1 ... 2584 ... 2393 ... 2378

2 ... 2583 ... 2373 ... 2388

3 ... 2575 ... 2386 ... 2369

4 ... 2587 ... 2387 ... 2419

5 ... 2586 ... 2380 ... 2395

6 ... 2589 ... 2377 ... 2390

7 ... 2587 ... 2388 ... 2416

8 ... 2560 ... 2394 ... 2378

9 ... 25Writing done: 31

0 ... 2562 ... 2257 ... 2035

1 ... 2577 ... 2407 ... 2384

2 ... 2585 ... 2398 ... 2393

3 ... 2592 ... 2401 ... 2457

4 ... 2585 ... 2384 ... 2415

5 ... 2591 ... 2392 ... 2428

6 ... 2589 ... 2389 ... 2421

7 ... 2584 ... 2407 ... 2413

8 ... 2578 ... 2380 ... 2376

9 ... 25Writing done: 32

0 ... 2419 ... 2227 ... 2053

1 ... 2577 ... 2376 ... 2343

2 ... 2587 ... 2386 ... 2418

3 ... 2586 ... 2383 ... 2407

4 ... 2583 ... 2399 ... 2401

5 ... 2585 ... 2403 ... 2397

6 ... 2583 ... 2371 ... 2379

7 ... 2588 ... 2379 ... 2391

8 ... 2586 ... 2383 ... 2407

9 ... 25Writing done: 33

0 ... 2559 ... 2255 ... 2039

1 ... 2580 ... 2404 ... 2385

2 ... 2587 ... 2387 ... 2421

3 ... 2593 ... 2396 ... 2444

4 ... 2584 ... 2411 ... 2427

5 ... 2587 ... 2379 ... 2401

6 ... 2577 ... 2391 ... 2401

7 ... 2582 ... 2363 ... 2358

8 ... 2587 ... 2386 ... 2414

9 ... 25Writing done: 34

0 ... 2562 ... 2242 ... 2040

1 ... 2575 ... 2413 ... 2355

2 ... 2583 ... 2395 ... 2413

3 ... 2590 ... 2395 ... 2438

4 ... 2587 ... 2383 ... 2411

5 ... 2581 ... 2375 ... 2389

6 ... 2591 ... 2381 ... 2400

7 ... 2576 ... 2384 ... 2357

8 ... 2582 ... 2369 ... 2369

9 ... 25Writing done: 35

0 ... 2558 ... 2270 ... 2034

1 ... 2584 ... 2397 ... 2370

2 ... 2573 ... 2437 ... 2409

3 ... 2585 ... 2421 ... 2425

4 ... 2590 ... 2445 ... 2427

5 ... 2570 ... 2407 ... 2367

6 ... 2566 ... 2405 ... 2382

7 ... 2585 ... 2400 ... 2417

8 ... 2586 ... 2405 ... 2410

9 ... 25Writing done: 36

0 ... 2568 ... 2277 ... 2039

1 ... 2583 ... 2409 ... 2371

2 ... 2577 ... 2444 ... 2453

3 ... 2578 ... 2444 ... 2405

4 ... 2572 ... 2449 ... 2384

5 ... 2607 ... 2422 ... 2394

6 ... 2577 ... 2425 ... 2375

7 ... 2581 ... 2411 ... 2421

8 ... 2582 ... 2422 ... 2445

9 ... 25Writing done: 37

0 ... 2559 ... 2277 ... 2043

1 ... 2585 ... 2414 ... 2425

2 ... 2585 ... 2379 ... 2403

3 ... 2589 ... 2394 ... 2439

4 ... 2590 ... 2395 ... 2442

5 ... 2585 ... 2384 ... 2413

6 ... 2576 ... 2383 ... 2356

7 ... 2583 ... 2390 ... 2377

8 ... 2581 ... 2373 ... 2379

9 ... 25Writing done: 38

0 ... 2556 ... 2276 ... 2029

1 ... 2579 ... 2381 ... 2344

2 ... 2580 ... 2367 ... 2377

3 ... 2583 ... 2369 ... 2376

4 ... 2577 ... 2385 ... 2365

5 ... 2581 ... 2373 ... 2378

6 ... 2583 ... 2389 ... 2395

7 ... 2578 ... 2385 ... 2385

8 ... 2587 ... 2403 ... 2425

9 ... 25Writing done: 39

0 ... 2551 ... 2359 ... 2274

1 ... 2581 ... 2396 ... 2382

2 ... 2575 ... 2390 ... 2340

3 ... 2583 ... 2402 ... 2399

4 ... 2575 ... 2401 ... 2393

5 ... 2581 ... 2389 ... 2394

6 ... 2578 ... 2389 ... 2397

7 ... 2591 ... 2385 ... 2404

8 ... 2593 ... 2391 ... 2421

9 ... 25Writing done: 0

0 ... 2565 ... 2211 ... 2026

1 ... 2579 ... 2388 ... 2359

2 ... 2584 ... 2404 ... 2407

3 ... 2581 ... 2379 ... 2374

4 ... 2591 ... 2383 ... 2409

5 ... 2578 ... 2393 ... 2404

6 ... 2589 ... 2401 ... 2417

7 ... 2579 ... 2383 ... 2377

8 ... 2577 ... 2355 ... 2340

9 ... 25Writing done: 1

0 ... 2559 ... 2251 ... 2027

1 ... 2581 ... 2426 ... 2410

2 ... 2580 ... 2399 ... 2425

3 ... 2590 ... 2393 ... 2436

4 ... 2587 ... 2386 ... 2420

5 ... 2573 ... 2381 ... 2377

6 ... 2577 ... 2403 ... 2375

7 ... 2577 ... 2381 ... 2374

8 ... 2577 ... 2386 ... 2387

9 ... 25Writing done: 2

0 ... 2563 ... 2233 ... 2026

1 ... 2585 ... 2365 ... 2370

2 ... 2585 ... 2403 ... 2431

3 ... 2585 ... 2408 ... 2445

4 ... 2589 ... 2387 ... 2419

5 ... 2579 ... 2363 ... 2355

6 ... 2580 ... 2356 ... 2338

7 ... 2573 ... 2407 ... 2385

8 ... 2580 ... 2384 ... 2373

9 ... 25Writing done: 3

0 ... 2559 ... 2249 ... 2034

1 ... 2581 ... 2403 ... 2372

2 ... 2580 ... 2423 ... 2428

3 ... 2577 ... 2434 ... 2429

4 ... 2583 ... 2426 ... 2437

5 ... 2591 ... 2398 ... 2448

6 ... 2586 ... 2373 ... 2360

7 ... 2585 ... 2424 ... 2421

8 ... 2588 ... 2411 ... 2443

9 ... 25Writing done: 4

0 ... 2565 ... 2219 ... 2035

1 ... 2578 ... 2372 ... 2330

2 ... 2577 ... 2412 ... 2425

3 ... 2579 ... 2380 ... 2350

4 ... 2583 ... 2377 ... 2395

5 ... 2589 ... 2381 ... 2397

6 ... 2588 ... 2413 ... 2427

7 ... 2589 ... 2413 ... 2420

8 ... 2592 ... 2410 ... 2416

9 ... 25Writing done: 5

0 ... 2557 ... 2224 ... 2030

1 ... 2580 ... 2430 ... 2409

2 ... 2583 ... 2400 ... 2427

3 ... 2575 ... 2406 ... 2386

4 ... 2591 ... 2393 ... 2433

5 ... 2586 ... 2383 ... 2413

6 ... 2582 ... 2374 ... 2383

7 ... 2581 ... 2382 ... 2348

8 ... 2589 ... 2389 ... 2415

9 ... 25Writing done: 6

